<?xml version="1.0" encoding="UTF-8"?>
<!-- Generated by org.testng.reporters.JUnitXMLReporter -->
<testsuite ignored="3" hostname="Rajesh" failures="0" tests="1" name="EdgeTest" time="13.955" errors="0" timestamp="2024-12-04T08:46:42 IST">
  <testcase classname="testscripts.LoginTest" name="verifyUserLoginWithCorrectUsernameAndPassword" time="4.684"/>
  <testcase classname="testscripts.LoginTest" name="verifyUserLoginwithInvalidUsernameAndValidPassword" time="0.0">
    <ignored/>
  </testcase> <!-- verifyUserLoginwithInvalidUsernameAndValidPassword -->
  <testcase classname="testscripts.LoginTest" name="verifyUserLoginwithInvalidUsernameAndInValidPassword" time="0.0">
    <ignored/>
  </testcase> <!-- verifyUserLoginwithInvalidUsernameAndInValidPassword -->
  <testcase classname="testscripts.LoginTest" name="verifyUserLoginwithvalidUsernameAndInValidPassword" time="0.0">
    <ignored/>
  </testcase> <!-- verifyUserLoginwithvalidUsernameAndInValidPassword -->
</testsuite> <!-- EdgeTest -->
