<?xml version="1.0" encoding="UTF-8"?>
<!-- Generated by org.testng.reporters.JUnitXMLReporter -->
<testsuite ignored="0" hostname="Rajesh" failures="0" tests="2" name="Test" time="21.228" errors="0" timestamp="2024-12-16T09:34:24 IST">
  <testcase classname="testscripts.AdminUsersTest" name="verifyUserIsAbletoCreateanAdminUser" time="13.092">
    <skipped/>
  </testcase> <!-- verifyUserIsAbletoCreateanAdminUser -->
  <testcase classname="testscripts.AdminUsersTest" name="verifyUserIsAbletoCreateanAdminUser" time="2.559"/>
</testsuite> <!-- Test -->
