<?xml version="1.0" encoding="UTF-8"?>
<!-- Generated by org.testng.reporters.JUnitXMLReporter -->
<testsuite ignored="2" hostname="Rajesh" failures="0" tests="2" name="Test" time="13.137" errors="0" timestamp="2024-12-10T20:46:55 IST">
  <testcase classname="testscripts.LoginTest" name="verifyUserLoginWithCorrectUsernameAndPassword" time="3.103"/>
  <testcase classname="testscripts.LoginTest" name="verifyUserLoginwithvalidUsernameAndInValidPassword" time="1.12"/>
  <testcase classname="testscripts.LoginTest" name="verifyUserLoginwithInvalidUsernameAndInValidPassword" time="0.0">
    <ignored/>
  </testcase> <!-- verifyUserLoginwithInvalidUsernameAndInValidPassword -->
  <testcase classname="testscripts.LoginTest" name="verifyUserLoginwithInvalidUsernameAndValidPassword" time="0.0">
    <ignored/>
  </testcase> <!-- verifyUserLoginwithInvalidUsernameAndValidPassword -->
</testsuite> <!-- Test -->
