<?xml version="1.0" encoding="UTF-8"?>
<!-- Generated by org.testng.reporters.JUnitXMLReporter -->
<testsuite ignored="2" hostname="Rajesh" failures="0" tests="3" name="Test" time="14.681" errors="0" timestamp="2024-11-28T08:58:22 IST">
  <testcase classname="testscripts.Assertions" name="assertSample" time="0.08"/>
  <testcase classname="testscripts.Assertions" name="softAsset" time="0.073"/>
  <testcase classname="testscripts.Assertions" name="verifyTwoInputFields" time="0.471"/>
  <testcase classname="testscripts.Annotations" name="testCase1" time="0.0">
    <ignored/>
  </testcase> <!-- testCase1 -->
  <testcase classname="testscripts.Annotations" name="testCase2" time="0.0">
    <ignored/>
  </testcase> <!-- testCase2 -->
</testsuite> <!-- Test -->
