<?xml version="1.0" encoding="UTF-8"?>
<testng-results ignored="0" total="2" passed="2" failed="0" skipped="0">
  <reporter-output>
  </reporter-output>
  <suite started-at="2024-12-10T20:46:41 IST" name="Suite" finished-at="2024-12-10T20:46:55 IST" duration-ms="13137">
    <groups>
      <group name="regression">
        <method signature="LoginTest.verifyUserLoginWithCorrectUsernameAndPassword()[pri:1, instance:testscripts.LoginTest@2bdd8394]" name="verifyUserLoginWithCorrectUsernameAndPassword" class="testscripts.LoginTest"/>
      </group> <!-- regression -->
      <group name="smoke">
        <method signature="LoginTest.verifyUserLoginWithCorrectUsernameAndPassword()[pri:1, instance:testscripts.LoginTest@2bdd8394]" name="verifyUserLoginWithCorrectUsernameAndPassword" class="testscripts.LoginTest"/>
        <method signature="LoginTest.verifyUserLoginwithvalidUsernameAndInValidPassword()[pri:2, instance:testscripts.LoginTest@2bdd8394]" name="verifyUserLoginwithvalidUsernameAndInValidPassword" class="testscripts.LoginTest"/>
      </group> <!-- smoke -->
    </groups>
    <test started-at="2024-12-10T20:46:41 IST" name="Test" finished-at="2024-12-10T20:46:55 IST" duration-ms="13137">
      <class name="testscripts.LoginTest">
        <test-method is-config="true" signature="initialiseBrowser(java.lang.String)[pri:0, instance:testscripts.LoginTest@2bdd8394]" started-at="2024-12-10T20:46:41 IST" name="initialiseBrowser" finished-at="2024-12-10T20:46:46 IST" duration-ms="4669" status="PASS">
          <params>
            <param index="0">
              <value>
                <![CDATA[Chrome]]>
              </value>
            </param>
          </params>
          <reporter-output>
          </reporter-output>
        </test-method> <!-- initialiseBrowser -->
        <test-method signature="verifyUserLoginWithCorrectUsernameAndPassword()[pri:1, instance:testscripts.LoginTest@2bdd8394]" started-at="2024-12-10T20:46:46 IST" name="verifyUserLoginWithCorrectUsernameAndPassword" description="this is for successful login" finished-at="2024-12-10T20:46:49 IST" duration-ms="3103" status="PASS">
          <reporter-output>
          </reporter-output>
        </test-method> <!-- verifyUserLoginWithCorrectUsernameAndPassword -->
        <test-method is-config="true" signature="driverQuit(org.testng.ITestResult)[pri:0, instance:testscripts.LoginTest@2bdd8394]" started-at="2024-12-10T20:46:49 IST" name="driverQuit" finished-at="2024-12-10T20:46:50 IST" duration-ms="550" status="PASS">
          <params>
            <param index="0">
              <value>
                <![CDATA[[TestResult name=verifyUserLoginWithCorrectUsernameAndPassword status=SUCCESS method=LoginTest.verifyUserLoginWithCorrectUsernameAndPassword()[pri:1, instance:testscripts.LoginTest@2bdd8394] output={null}]]]>
              </value>
            </param>
          </params>
          <reporter-output>
          </reporter-output>
        </test-method> <!-- driverQuit -->
        <test-method is-config="true" signature="initialiseBrowser(java.lang.String)[pri:0, instance:testscripts.LoginTest@2bdd8394]" started-at="2024-12-10T20:46:50 IST" name="initialiseBrowser" finished-at="2024-12-10T20:46:53 IST" duration-ms="3154" status="PASS">
          <params>
            <param index="0">
              <value>
                <![CDATA[Chrome]]>
              </value>
            </param>
          </params>
          <reporter-output>
          </reporter-output>
        </test-method> <!-- initialiseBrowser -->
        <test-method signature="verifyUserLoginwithvalidUsernameAndInValidPassword()[pri:2, instance:testscripts.LoginTest@2bdd8394]" started-at="2024-12-10T20:46:53 IST" name="verifyUserLoginwithvalidUsernameAndInValidPassword" description="this is for login with invalid password" finished-at="2024-12-10T20:46:54 IST" duration-ms="1120" status="PASS">
          <reporter-output>
          </reporter-output>
        </test-method> <!-- verifyUserLoginwithvalidUsernameAndInValidPassword -->
        <test-method is-config="true" signature="driverQuit(org.testng.ITestResult)[pri:0, instance:testscripts.LoginTest@2bdd8394]" started-at="2024-12-10T20:46:54 IST" name="driverQuit" finished-at="2024-12-10T20:46:55 IST" duration-ms="486" status="PASS">
          <params>
            <param index="0">
              <value>
                <![CDATA[[TestResult name=verifyUserLoginwithvalidUsernameAndInValidPassword status=SUCCESS method=LoginTest.verifyUserLoginwithvalidUsernameAndInValidPassword()[pri:2, instance:testscripts.LoginTest@2bdd8394] output={null}]]]>
              </value>
            </param>
          </params>
          <reporter-output>
          </reporter-output>
        </test-method> <!-- driverQuit -->
      </class> <!-- testscripts.LoginTest -->
    </test> <!-- Test -->
  </suite> <!-- Suite -->
</testng-results>
