<?xml version="1.0" encoding="UTF-8"?>
<testng-results ignored="2" total="5" passed="3" failed="0" skipped="0">
  <reporter-output>
  </reporter-output>
  <suite started-at="2024-11-28T08:58:07 IST" name="Suite" finished-at="2024-11-28T08:58:22 IST" duration-ms="14681">
    <groups>
    </groups>
    <test started-at="2024-11-28T08:58:07 IST" name="Test" finished-at="2024-11-28T08:58:22 IST" duration-ms="14681">
      <class name="testscripts.Assertions">
        <test-method is-config="true" signature="initializeBrowser()[pri:0, instance:testscripts.Assertions@14cd1699]" started-at="2024-11-28T08:58:07 IST" name="initializeBrowser" finished-at="2024-11-28T08:58:13 IST" duration-ms="5609" status="PASS">
          <reporter-output>
          </reporter-output>
        </test-method> <!-- initializeBrowser -->
        <test-method signature="assertSample()[pri:0, instance:testscripts.Assertions@14cd1699]" started-at="2024-11-28T08:58:13 IST" name="assertSample" finished-at="2024-11-28T08:58:13 IST" duration-ms="80" status="PASS">
          <reporter-output>
          </reporter-output>
        </test-method> <!-- assertSample -->
        <test-method is-config="true" signature="driverQuit()[pri:0, instance:testscripts.Assertions@14cd1699]" started-at="2024-11-28T08:58:13 IST" name="driverQuit" finished-at="2024-11-28T08:58:13 IST" duration-ms="402" status="PASS">
          <reporter-output>
          </reporter-output>
        </test-method> <!-- driverQuit -->
        <test-method is-config="true" signature="initializeBrowser()[pri:0, instance:testscripts.Assertions@14cd1699]" started-at="2024-11-28T08:58:13 IST" name="initializeBrowser" finished-at="2024-11-28T08:58:17 IST" duration-ms="3585" status="PASS">
          <reporter-output>
          </reporter-output>
        </test-method> <!-- initializeBrowser -->
        <test-method signature="softAsset()[pri:0, instance:testscripts.Assertions@14cd1699]" started-at="2024-11-28T08:58:17 IST" name="softAsset" finished-at="2024-11-28T08:58:17 IST" duration-ms="73" status="PASS">
          <reporter-output>
          </reporter-output>
        </test-method> <!-- softAsset -->
        <test-method is-config="true" signature="driverQuit()[pri:0, instance:testscripts.Assertions@14cd1699]" started-at="2024-11-28T08:58:17 IST" name="driverQuit" finished-at="2024-11-28T08:58:17 IST" duration-ms="330" status="PASS">
          <reporter-output>
          </reporter-output>
        </test-method> <!-- driverQuit -->
        <test-method is-config="true" signature="initializeBrowser()[pri:0, instance:testscripts.Assertions@14cd1699]" started-at="2024-11-28T08:58:17 IST" name="initializeBrowser" finished-at="2024-11-28T08:58:21 IST" duration-ms="3678" status="PASS">
          <reporter-output>
          </reporter-output>
        </test-method> <!-- initializeBrowser -->
        <test-method signature="verifyTwoInputFields()[pri:0, instance:testscripts.Assertions@14cd1699]" started-at="2024-11-28T08:58:21 IST" name="verifyTwoInputFields" finished-at="2024-11-28T08:58:21 IST" duration-ms="471" status="PASS">
          <reporter-output>
          </reporter-output>
        </test-method> <!-- verifyTwoInputFields -->
        <test-method is-config="true" signature="driverQuit()[pri:0, instance:testscripts.Assertions@14cd1699]" started-at="2024-11-28T08:58:21 IST" name="driverQuit" finished-at="2024-11-28T08:58:22 IST" duration-ms="375" status="PASS">
          <reporter-output>
          </reporter-output>
        </test-method> <!-- driverQuit -->
      </class> <!-- testscripts.Assertions -->
      <class name="testscripts.Annotations">
        <test-method is-config="true" signature="beforeSuite()[pri:0, instance:testscripts.Annotations@1aafa419]" started-at="2024-11-28T08:58:07 IST" name="beforeSuite" finished-at="2024-11-28T08:58:07 IST" duration-ms="10" status="PASS">
          <reporter-output>
          </reporter-output>
        </test-method> <!-- beforeSuite -->
        <test-method is-config="true" signature="beforeTest()[pri:0, instance:testscripts.Annotations@1aafa419]" started-at="2024-11-28T08:58:07 IST" name="beforeTest" finished-at="2024-11-28T08:58:07 IST" duration-ms="1" status="PASS">
          <reporter-output>
          </reporter-output>
        </test-method> <!-- beforeTest -->
        <test-method is-config="true" signature="afterTest()[pri:0, instance:testscripts.Annotations@1aafa419]" started-at="2024-11-28T08:58:22 IST" name="afterTest" finished-at="2024-11-28T08:58:22 IST" duration-ms="0" status="PASS">
          <reporter-output>
          </reporter-output>
        </test-method> <!-- afterTest -->
        <test-method is-config="true" signature="afterSuite()[pri:0, instance:testscripts.Annotations@1aafa419]" started-at="2024-11-28T08:58:22 IST" name="afterSuite" finished-at="2024-11-28T08:58:22 IST" duration-ms="0" status="PASS">
          <reporter-output>
          </reporter-output>
        </test-method> <!-- afterSuite -->
      </class> <!-- testscripts.Annotations -->
    </test> <!-- Test -->
  </suite> <!-- Suite -->
</testng-results>
